<?xml version="1.0" encoding="UTF-8"?>
<!-- Generated by org.testng.reporters.JUnitReportReporter -->
<testsuite hostname="DESKTOP-7TRLK3B" failures="0" tests="4" name="api.testCases.UserTest" time="10.479" errors="0" timestamp="2024-04-02T17:49:27 IST" skipped="0">
  <testcase classname="api.testCases.UserTest" name="testCreateUser" time="5.123"/>
  <testcase classname="api.testCases.UserTest" name="testGetUser" time="1.365"/>
  <testcase classname="api.testCases.UserTest" name="testUpdateUser" time="2.667"/>
  <testcase classname="api.testCases.UserTest" name="testDeleteUser" time="1.324"/>
</testsuite> <!-- api.testCases.UserTest -->
