<?xml version="1.0" encoding="UTF-8"?>
<!-- Generated by org.testng.reporters.JUnitReportReporter -->
<testsuite hostname="DESKTOP-7TRLK3B" failures="0" tests="4" name="api.testCases.UserTest" time="12.295" errors="0" timestamp="2024-04-02T19:20:20 IST" skipped="0">
  <testcase classname="api.testCases.UserTest" name="testCreateUser" time="6.754"/>
  <testcase classname="api.testCases.UserTest" name="testGetUser" time="1.519"/>
  <testcase classname="api.testCases.UserTest" name="testUpdateUser" time="2.687"/>
  <testcase classname="api.testCases.UserTest" name="testDeleteUser" time="1.335"/>
</testsuite> <!-- api.testCases.UserTest -->
